{"/Users/aauditprabakar/Documents/Fullstack/Part5/bloglist-frontend/src/App.jsx": {"path":"/Users/aauditprabakar/Documents/Fullstack/Part5/bloglist-frontend/src/App.jsx","statementMap":{"0":{"start":{"line":9,"column":12},"end":{"line":142,"column":1}},"1":{"start":{"line":10,"column":28},"end":{"line":10,"column":40}},"2":{"start":{"line":11,"column":42},"end":{"line":11,"column":56}},"3":{"start":{"line":12,"column":34},"end":{"line":12,"column":46}},"4":{"start":{"line":13,"column":34},"end":{"line":13,"column":46}},"5":{"start":{"line":14,"column":26},"end":{"line":14,"column":40}},"6":{"start":{"line":15,"column":26},"end":{"line":15,"column":52}},"7":{"start":{"line":16,"column":42},"end":{"line":16,"column":57}},"8":{"start":{"line":19,"column":21},"end":{"line":27,"column":3}},"9":{"start":{"line":20,"column":4},"end":{"line":22,"column":6}},"10":{"start":{"line":24,"column":4},"end":{"line":26,"column":12}},"11":{"start":{"line":25,"column":6},"end":{"line":25,"column":32}},"12":{"start":{"line":30,"column":2},"end":{"line":34,"column":8}},"13":{"start":{"line":31,"column":4},"end":{"line":33,"column":5}},"14":{"start":{"line":32,"column":6},"end":{"line":32,"column":23}},"15":{"start":{"line":36,"column":2},"end":{"line":39,"column":20}},"16":{"start":{"line":36,"column":46},"end":{"line":36,"column":94}},"17":{"start":{"line":37,"column":4},"end":{"line":39,"column":12}},"18":{"start":{"line":37,"column":44},"end":{"line":37,"column":70}},"19":{"start":{"line":38,"column":7},"end":{"line":38,"column":20}},"20":{"start":{"line":41,"column":24},"end":{"line":48,"column":3}},"21":{"start":{"line":43,"column":4},"end":{"line":43,"column":26}},"22":{"start":{"line":44,"column":4},"end":{"line":44,"column":17}},"23":{"start":{"line":45,"column":4},"end":{"line":45,"column":30}},"24":{"start":{"line":46,"column":4},"end":{"line":46,"column":59}},"25":{"start":{"line":49,"column":20},"end":{"line":70,"column":3}},"26":{"start":{"line":50,"column":28},"end":{"line":50,"column":67}},"27":{"start":{"line":51,"column":28},"end":{"line":51,"column":67}},"28":{"start":{"line":53,"column":4},"end":{"line":69,"column":5}},"29":{"start":{"line":56,"column":33},"end":{"line":56,"column":54}},"30":{"start":{"line":62,"column":50},"end":{"line":62,"column":75}},"31":{"start":{"line":63,"column":50},"end":{"line":63,"column":75}},"32":{"start":{"line":66,"column":33},"end":{"line":66,"column":55}},"33":{"start":{"line":71,"column":19},"end":{"line":77,"column":3}},"34":{"start":{"line":72,"column":4},"end":{"line":76,"column":8}},"35":{"start":{"line":75,"column":8},"end":{"line":75,"column":44}},"36":{"start":{"line":79,"column":21},"end":{"line":81,"column":36}},"37":{"start":{"line":80,"column":2},"end":{"line":81,"column":35}},"38":{"start":{"line":84,"column":21},"end":{"line":91,"column":1}},"39":{"start":{"line":85,"column":2},"end":{"line":90,"column":4}},"40":{"start":{"line":94,"column":20},"end":{"line":97,"column":9}},"41":{"start":{"line":95,"column":4},"end":{"line":95,"column":38}},"42":{"start":{"line":98,"column":22},"end":{"line":113,"column":55}},"43":{"start":{"line":98,"column":44},"end":{"line":98,"column":66}},"44":{"start":{"line":99,"column":8},"end":{"line":113,"column":52}},"45":{"start":{"line":99,"column":32},"end":{"line":100,"column":40}},"46":{"start":{"line":102,"column":13},"end":{"line":102,"column":84}},"47":{"start":{"line":104,"column":13},"end":{"line":104,"column":45}},"48":{"start":{"line":105,"column":11},"end":{"line":105,"column":24}},"49":{"start":{"line":106,"column":16},"end":{"line":106,"column":31}},"50":{"start":{"line":107,"column":19},"end":{"line":107,"column":34}},"51":{"start":{"line":108,"column":19},"end":{"line":108,"column":42}},"52":{"start":{"line":110,"column":22},"end":{"line":110,"column":58}},"53":{"start":{"line":111,"column":22},"end":{"line":111,"column":62}},"54":{"start":{"line":112,"column":27},"end":{"line":113,"column":47}},"55":{"start":{"line":113,"column":12},"end":{"line":113,"column":33}},"56":{"start":{"line":115,"column":12},"end":{"line":124,"column":15}},"57":{"start":{"line":116,"column":14},"end":{"line":123,"column":17}},"58":{"start":{"line":126,"column":2},"end":{"line":141,"column":3}},"59":{"start":{"line":137,"column":27},"end":{"line":137,"column":44}},"60":{"start":{"line":138,"column":8},"end":{"line":138,"column":90}}},"fnMap":{"0":{"name":"(anonymous_0)","decl":{"start":{"line":9,"column":12},"end":{"line":9,"column":13}},"loc":{"start":{"line":9,"column":18},"end":{"line":142,"column":1}},"line":9},"1":{"name":"(anonymous_1)","decl":{"start":{"line":19,"column":21},"end":{"line":19,"column":22}},"loc":{"start":{"line":19,"column":47},"end":{"line":27,"column":3}},"line":19},"2":{"name":"(anonymous_2)","decl":{"start":{"line":24,"column":15},"end":{"line":24,"column":16}},"loc":{"start":{"line":24,"column":21},"end":{"line":26,"column":5}},"line":24},"3":{"name":"(anonymous_3)","decl":{"start":{"line":30,"column":12},"end":{"line":30,"column":13}},"loc":{"start":{"line":30,"column":18},"end":{"line":34,"column":3}},"line":30},"4":{"name":"(anonymous_4)","decl":{"start":{"line":31,"column":30},"end":{"line":31,"column":31}},"loc":{"start":{"line":32,"column":6},"end":{"line":32,"column":23}},"line":32},"5":{"name":"(anonymous_5)","decl":{"start":{"line":36,"column":12},"end":{"line":36,"column":13}},"loc":{"start":{"line":36,"column":18},"end":{"line":39,"column":15}},"line":36},"6":{"name":"(anonymous_6)","decl":{"start":{"line":41,"column":24},"end":{"line":41,"column":25}},"loc":{"start":{"line":41,"column":41},"end":{"line":48,"column":3}},"line":41},"7":{"name":"(anonymous_7)","decl":{"start":{"line":49,"column":20},"end":{"line":49,"column":21}},"loc":{"start":{"line":49,"column":26},"end":{"line":70,"column":3}},"line":49},"8":{"name":"(anonymous_8)","decl":{"start":{"line":56,"column":27},"end":{"line":56,"column":28}},"loc":{"start":{"line":56,"column":33},"end":{"line":56,"column":54}},"line":56},"9":{"name":"(anonymous_9)","decl":{"start":{"line":62,"column":34},"end":{"line":62,"column":35}},"loc":{"start":{"line":62,"column":50},"end":{"line":62,"column":75}},"line":62},"10":{"name":"(anonymous_10)","decl":{"start":{"line":63,"column":34},"end":{"line":63,"column":35}},"loc":{"start":{"line":63,"column":50},"end":{"line":63,"column":75}},"line":63},"11":{"name":"(anonymous_11)","decl":{"start":{"line":66,"column":27},"end":{"line":66,"column":28}},"loc":{"start":{"line":66,"column":33},"end":{"line":66,"column":55}},"line":66},"12":{"name":"(anonymous_12)","decl":{"start":{"line":71,"column":19},"end":{"line":71,"column":20}},"loc":{"start":{"line":71,"column":35},"end":{"line":77,"column":3}},"line":71},"13":{"name":"(anonymous_13)","decl":{"start":{"line":74,"column":12},"end":{"line":74,"column":13}},"loc":{"start":{"line":74,"column":28},"end":{"line":76,"column":7}},"line":74},"14":{"name":"(anonymous_14)","decl":{"start":{"line":79,"column":21},"end":{"line":79,"column":22}},"loc":{"start":{"line":79,"column":37},"end":{"line":81,"column":36}},"line":79},"15":{"name":"(anonymous_15)","decl":{"start":{"line":84,"column":21},"end":{"line":84,"column":22}},"loc":{"start":{"line":84,"column":29},"end":{"line":91,"column":1}},"line":84},"16":{"name":"(anonymous_16)","decl":{"start":{"line":94,"column":20},"end":{"line":94,"column":21}},"loc":{"start":{"line":95,"column":4},"end":{"line":95,"column":38}},"line":95},"17":{"name":"(anonymous_17)","decl":{"start":{"line":98,"column":22},"end":{"line":98,"column":23}},"loc":{"start":{"line":98,"column":39},"end":{"line":113,"column":55}},"line":98},"18":{"name":"(anonymous_18)","decl":{"start":{"line":112,"column":38},"end":{"line":112,"column":39}},"loc":{"start":{"line":112,"column":44},"end":{"line":113,"column":40}},"line":112},"19":{"name":"(anonymous_19)","decl":{"start":{"line":137,"column":18},"end":{"line":137,"column":19}},"loc":{"start":{"line":137,"column":27},"end":{"line":137,"column":44}},"line":137},"20":{"name":"(anonymous_20)","decl":{"start":{"line":137,"column":50},"end":{"line":137,"column":51}},"loc":{"start":{"line":138,"column":8},"end":{"line":138,"column":90}},"line":138}},"branchMap":{"0":{"loc":{"start":{"line":19,"column":31},"end":{"line":19,"column":42}},"type":"default-arg","locations":[{"start":{"line":19,"column":36},"end":{"line":19,"column":42}}],"line":19},"1":{"loc":{"start":{"line":37,"column":4},"end":{"line":39,"column":12}},"type":"if","locations":[{"start":{"line":37,"column":4},"end":{"line":39,"column":12}},{"start":{},"end":{}}],"line":37},"2":{"loc":{"start":{"line":50,"column":39},"end":{"line":50,"column":65}},"type":"cond-expr","locations":[{"start":{"line":50,"column":54},"end":{"line":50,"column":60}},{"start":{"line":50,"column":63},"end":{"line":50,"column":65}}],"line":50},"3":{"loc":{"start":{"line":51,"column":39},"end":{"line":51,"column":65}},"type":"cond-expr","locations":[{"start":{"line":51,"column":54},"end":{"line":51,"column":56}},{"start":{"line":51,"column":59},"end":{"line":51,"column":65}}],"line":51},"4":{"loc":{"start":{"line":115,"column":12},"end":{"line":124,"column":15}},"type":"if","locations":[{"start":{"line":115,"column":12},"end":{"line":124,"column":15}},{"start":{},"end":{}}],"line":115},"5":{"loc":{"start":{"line":120,"column":3},"end":{"line":120,"column":23}},"type":"binary-expr","locations":[{"start":{"line":120,"column":3},"end":{"line":120,"column":8}},{"start":{"line":120,"column":12},"end":{"line":120,"column":23}}],"line":120}},"s":{"0":0,"1":0,"2":0,"3":0,"4":0,"5":0,"6":0,"7":0,"8":0,"9":0,"10":0,"11":0,"12":0,"13":0,"14":0,"15":0,"16":0,"17":0,"18":0,"19":0,"20":0,"21":0,"22":0,"23":0,"24":0,"25":0,"26":0,"27":0,"28":0,"29":0,"30":0,"31":0,"32":0,"33":0,"34":0,"35":0,"36":0,"37":0,"38":0,"39":0,"40":0,"41":0,"42":0,"43":0,"44":0,"45":0,"46":0,"47":0,"48":0,"49":0,"50":0,"51":0,"52":0,"53":0,"54":0,"55":0,"56":0,"57":0,"58":0,"59":0,"60":0},"f":{"0":0,"1":0,"2":0,"3":0,"4":0,"5":0,"6":0,"7":0,"8":0,"9":0,"10":0,"11":0,"12":0,"13":0,"14":0,"15":0,"16":0,"17":0,"18":0,"19":0,"20":0},"b":{"0":[0],"1":[0,0],"2":[0,0],"3":[0,0],"4":[0,0],"5":[0,0]}}
,"/Users/aauditprabakar/Documents/Fullstack/Part5/bloglist-frontend/src/main.jsx": {"path":"/Users/aauditprabakar/Documents/Fullstack/Part5/bloglist-frontend/src/main.jsx","statementMap":{"0":{"start":{"line":4,"column":0},"end":{"line":4,"column":68}}},"fnMap":{},"branchMap":{},"s":{"0":0},"f":{},"b":{}}
,"/Users/aauditprabakar/Documents/Fullstack/Part5/bloglist-frontend/src/components/Blog.jsx": {"path":"/Users/aauditprabakar/Documents/Fullstack/Part5/bloglist-frontend/src/components/Blog.jsx","statementMap":{"0":{"start":{"line":3,"column":13},"end":{"line":52,"column":1}},"1":{"start":{"line":4,"column":32},"end":{"line":4,"column":47}},"2":{"start":{"line":5,"column":24},"end":{"line":7,"column":3}},"3":{"start":{"line":6,"column":4},"end":{"line":6,"column":24}},"4":{"start":{"line":9,"column":21},"end":{"line":13,"column":3}},"5":{"start":{"line":10,"column":4},"end":{"line":10,"column":26}},"6":{"start":{"line":11,"column":4},"end":{"line":11,"column":41}},"7":{"start":{"line":12,"column":4},"end":{"line":12,"column":23}},"8":{"start":{"line":15,"column":18},"end":{"line":20,"column":3}},"9":{"start":{"line":16,"column":4},"end":{"line":16,"column":26}},"10":{"start":{"line":17,"column":22},"end":{"line":17,"column":63}},"11":{"start":{"line":18,"column":4},"end":{"line":18,"column":25}},"12":{"start":{"line":19,"column":4},"end":{"line":19,"column":26}},"13":{"start":{"line":23,"column":20},"end":{"line":29,"column":3}},"14":{"start":{"line":30,"column":2},"end":{"line":45,"column":3}},"15":{"start":{"line":31,"column":4},"end":{"line":44,"column":5}},"16":{"start":{"line":46,"column":2},"end":{"line":51,"column":1}}},"fnMap":{"0":{"name":"(anonymous_0)","decl":{"start":{"line":3,"column":13},"end":{"line":3,"column":14}},"loc":{"start":{"line":3,"column":52},"end":{"line":52,"column":1}},"line":3},"1":{"name":"(anonymous_1)","decl":{"start":{"line":5,"column":24},"end":{"line":5,"column":25}},"loc":{"start":{"line":5,"column":30},"end":{"line":7,"column":3}},"line":5},"2":{"name":"(anonymous_2)","decl":{"start":{"line":9,"column":21},"end":{"line":9,"column":22}},"loc":{"start":{"line":9,"column":32},"end":{"line":13,"column":3}},"line":9},"3":{"name":"(anonymous_3)","decl":{"start":{"line":15,"column":18},"end":{"line":15,"column":19}},"loc":{"start":{"line":15,"column":29},"end":{"line":20,"column":3}},"line":15}},"branchMap":{"0":{"loc":{"start":{"line":30,"column":2},"end":{"line":45,"column":3}},"type":"if","locations":[{"start":{"line":30,"column":2},"end":{"line":45,"column":3}},{"start":{},"end":{}}],"line":30}},"s":{"0":1,"1":5,"2":5,"3":2,"4":5,"5":0,"6":0,"7":0,"8":5,"9":2,"10":2,"11":2,"12":2,"13":5,"14":5,"15":2,"16":3},"f":{"0":5,"1":2,"2":0,"3":2},"b":{"0":[2,3]},"_coverageSchema":"1a1c01bbd47fc00a2c39e90264f33305004495a9","hash":"eb13d9b4155c446a0ba72d914f7f20695b6d28e8"}
,"/Users/aauditprabakar/Documents/Fullstack/Part5/bloglist-frontend/src/components/BlogForm.jsx": {"path":"/Users/aauditprabakar/Documents/Fullstack/Part5/bloglist-frontend/src/components/BlogForm.jsx","statementMap":{"0":{"start":{"line":3,"column":17},"end":{"line":49,"column":1}},"1":{"start":{"line":4,"column":34},"end":{"line":4,"column":46}},"2":{"start":{"line":5,"column":36},"end":{"line":5,"column":48}},"3":{"start":{"line":6,"column":30},"end":{"line":6,"column":42}},"4":{"start":{"line":7,"column":34},"end":{"line":7,"column":46}},"5":{"start":{"line":9,"column":18},"end":{"line":21,"column":3}},"6":{"start":{"line":10,"column":4},"end":{"line":10,"column":26}},"7":{"start":{"line":11,"column":4},"end":{"line":16,"column":6}},"8":{"start":{"line":17,"column":4},"end":{"line":17,"column":19}},"9":{"start":{"line":18,"column":4},"end":{"line":18,"column":20}},"10":{"start":{"line":19,"column":8},"end":{"line":19,"column":21}},"11":{"start":{"line":20,"column":8},"end":{"line":20,"column":23}},"12":{"start":{"line":23,"column":2},"end":{"line":48,"column":3}},"13":{"start":{"line":31,"column":34},"end":{"line":31,"column":59}},"14":{"start":{"line":34,"column":34},"end":{"line":34,"column":60}},"15":{"start":{"line":38,"column":34},"end":{"line":38,"column":57}},"16":{"start":{"line":42,"column":34},"end":{"line":42,"column":59}}},"fnMap":{"0":{"name":"(anonymous_0)","decl":{"start":{"line":3,"column":17},"end":{"line":3,"column":18}},"loc":{"start":{"line":3,"column":37},"end":{"line":49,"column":1}},"line":3},"1":{"name":"(anonymous_1)","decl":{"start":{"line":9,"column":18},"end":{"line":9,"column":19}},"loc":{"start":{"line":9,"column":29},"end":{"line":21,"column":3}},"line":9},"2":{"name":"(anonymous_2)","decl":{"start":{"line":31,"column":18},"end":{"line":31,"column":19}},"loc":{"start":{"line":31,"column":34},"end":{"line":31,"column":59}},"line":31},"3":{"name":"(anonymous_3)","decl":{"start":{"line":34,"column":18},"end":{"line":34,"column":19}},"loc":{"start":{"line":34,"column":34},"end":{"line":34,"column":60}},"line":34},"4":{"name":"(anonymous_4)","decl":{"start":{"line":38,"column":18},"end":{"line":38,"column":19}},"loc":{"start":{"line":38,"column":34},"end":{"line":38,"column":57}},"line":38},"5":{"name":"(anonymous_5)","decl":{"start":{"line":42,"column":18},"end":{"line":42,"column":19}},"loc":{"start":{"line":42,"column":34},"end":{"line":42,"column":59}},"line":42}},"branchMap":{},"s":{"0":0,"1":0,"2":0,"3":0,"4":0,"5":0,"6":0,"7":0,"8":0,"9":0,"10":0,"11":0,"12":0,"13":0,"14":0,"15":0,"16":0},"f":{"0":0,"1":0,"2":0,"3":0,"4":0,"5":0},"b":{}}
,"/Users/aauditprabakar/Documents/Fullstack/Part5/bloglist-frontend/src/components/LoginForm.jsx": {"path":"/Users/aauditprabakar/Documents/Fullstack/Part5/bloglist-frontend/src/components/LoginForm.jsx","statementMap":{"0":{"start":{"line":1,"column":18},"end":{"line":32,"column":1}},"1":{"start":{"line":8,"column":1},"end":{"line":31,"column":2}}},"fnMap":{"0":{"name":"(anonymous_0)","decl":{"start":{"line":1,"column":18},"end":{"line":1,"column":19}},"loc":{"start":{"line":7,"column":7},"end":{"line":32,"column":1}},"line":7}},"branchMap":{},"s":{"0":0,"1":0},"f":{"0":0},"b":{}}
,"/Users/aauditprabakar/Documents/Fullstack/Part5/bloglist-frontend/src/components/Notification.jsx": {"path":"/Users/aauditprabakar/Documents/Fullstack/Part5/bloglist-frontend/src/components/Notification.jsx","statementMap":{"0":{"start":{"line":1,"column":21},"end":{"line":21,"column":1}},"1":{"start":{"line":2,"column":2},"end":{"line":4,"column":3}},"2":{"start":{"line":3,"column":4},"end":{"line":3,"column":10}},"3":{"start":{"line":6,"column":16},"end":{"line":14,"column":3}},"4":{"start":{"line":16,"column":2},"end":{"line":20,"column":3}}},"fnMap":{"0":{"name":"(anonymous_0)","decl":{"start":{"line":1,"column":21},"end":{"line":1,"column":22}},"loc":{"start":{"line":1,"column":35},"end":{"line":21,"column":1}},"line":1}},"branchMap":{"0":{"loc":{"start":{"line":2,"column":2},"end":{"line":4,"column":3}},"type":"if","locations":[{"start":{"line":2,"column":2},"end":{"line":4,"column":3}},{"start":{},"end":{}}],"line":2},"1":{"loc":{"start":{"line":7,"column":11},"end":{"line":7,"column":48}},"type":"cond-expr","locations":[{"start":{"line":7,"column":33},"end":{"line":7,"column":38}},{"start":{"line":7,"column":41},"end":{"line":7,"column":48}}],"line":7}},"s":{"0":0,"1":0,"2":0,"3":0,"4":0},"f":{"0":0},"b":{"0":[0,0],"1":[0,0]}}
,"/Users/aauditprabakar/Documents/Fullstack/Part5/bloglist-frontend/src/services/blogs.js": {"path":"/Users/aauditprabakar/Documents/Fullstack/Part5/bloglist-frontend/src/services/blogs.js","statementMap":{"0":{"start":{"line":2,"column":16},"end":{"line":2,"column":49}},"1":{"start":{"line":5,"column":12},"end":{"line":5,"column":16}},"2":{"start":{"line":8,"column":17},"end":{"line":10,"column":1}},"3":{"start":{"line":9,"column":2},"end":{"line":9,"column":30}},"4":{"start":{"line":12,"column":15},"end":{"line":15,"column":1}},"5":{"start":{"line":13,"column":18},"end":{"line":13,"column":36}},"6":{"start":{"line":14,"column":2},"end":{"line":14,"column":48}},"7":{"start":{"line":14,"column":34},"end":{"line":14,"column":47}},"8":{"start":{"line":18,"column":15},"end":{"line":27,"column":1}},"9":{"start":{"line":19,"column":17},"end":{"line":21,"column":3}},"10":{"start":{"line":22,"column":2},"end":{"line":22,"column":27}},"11":{"start":{"line":23,"column":17},"end":{"line":23,"column":45}},"12":{"start":{"line":24,"column":2},"end":{"line":24,"column":21}},"13":{"start":{"line":25,"column":19},"end":{"line":25,"column":53}},"14":{"start":{"line":26,"column":2},"end":{"line":26,"column":22}},"15":{"start":{"line":30,"column":15},"end":{"line":38,"column":1}},"16":{"start":{"line":31,"column":17},"end":{"line":33,"column":3}},"17":{"start":{"line":36,"column":19},"end":{"line":36,"column":63}},"18":{"start":{"line":37,"column":2},"end":{"line":37,"column":22}},"19":{"start":{"line":40,"column":15},"end":{"line":44,"column":1}},"20":{"start":{"line":41,"column":18},"end":{"line":41,"column":60}},"21":{"start":{"line":43,"column":2},"end":{"line":43,"column":48}},"22":{"start":{"line":43,"column":34},"end":{"line":43,"column":47}}},"fnMap":{"0":{"name":"(anonymous_0)","decl":{"start":{"line":8,"column":17},"end":{"line":8,"column":18}},"loc":{"start":{"line":8,"column":29},"end":{"line":10,"column":1}},"line":8},"1":{"name":"(anonymous_1)","decl":{"start":{"line":12,"column":15},"end":{"line":12,"column":16}},"loc":{"start":{"line":12,"column":21},"end":{"line":15,"column":1}},"line":12},"2":{"name":"(anonymous_2)","decl":{"start":{"line":14,"column":22},"end":{"line":14,"column":23}},"loc":{"start":{"line":14,"column":34},"end":{"line":14,"column":47}},"line":14},"3":{"name":"(anonymous_3)","decl":{"start":{"line":18,"column":15},"end":{"line":18,"column":16}},"loc":{"start":{"line":18,"column":36},"end":{"line":27,"column":1}},"line":18},"4":{"name":"(anonymous_4)","decl":{"start":{"line":30,"column":15},"end":{"line":30,"column":16}},"loc":{"start":{"line":30,"column":34},"end":{"line":38,"column":1}},"line":30},"5":{"name":"(anonymous_5)","decl":{"start":{"line":40,"column":15},"end":{"line":40,"column":16}},"loc":{"start":{"line":40,"column":34},"end":{"line":44,"column":1}},"line":40},"6":{"name":"(anonymous_6)","decl":{"start":{"line":43,"column":22},"end":{"line":43,"column":23}},"loc":{"start":{"line":43,"column":34},"end":{"line":43,"column":47}},"line":43}},"branchMap":{},"s":{"0":0,"1":0,"2":0,"3":0,"4":0,"5":0,"6":0,"7":0,"8":0,"9":0,"10":0,"11":0,"12":0,"13":0,"14":0,"15":0,"16":0,"17":0,"18":0,"19":0,"20":0,"21":0,"22":0},"f":{"0":0,"1":0,"2":0,"3":0,"4":0,"5":0,"6":0},"b":{}}
,"/Users/aauditprabakar/Documents/Fullstack/Part5/bloglist-frontend/src/services/login.js": {"path":"/Users/aauditprabakar/Documents/Fullstack/Part5/bloglist-frontend/src/services/login.js","statementMap":{"0":{"start":{"line":2,"column":16},"end":{"line":2,"column":49}},"1":{"start":{"line":4,"column":14},"end":{"line":7,"column":1}},"2":{"start":{"line":5,"column":19},"end":{"line":5,"column":57}},"3":{"start":{"line":6,"column":2},"end":{"line":6,"column":22}}},"fnMap":{"0":{"name":"(anonymous_0)","decl":{"start":{"line":4,"column":14},"end":{"line":4,"column":15}},"loc":{"start":{"line":4,"column":35},"end":{"line":7,"column":1}},"line":4}},"branchMap":{},"s":{"0":0,"1":0,"2":0,"3":0},"f":{"0":0},"b":{}}
}
